<?xml version="1.0" encoding="UTF-8"?>
<testsuite xmlns:xsi="http://www.w3.org/2001/XMLSchema-instance" xsi:schemaLocation="https://maven.apache.org/surefire/maven-surefire-plugin/xsd/surefire-test-report.xsd" name="co.com.appgate.swordphish.runners.ValidateUrl" time="26.786" tests="8" errors="0" skipped="0" failures="0">
  <properties>
    <property name="idea.version" value="2021.3.2"/>
    <property name="java.runtime.name" value="Java(TM) SE Runtime Environment"/>
    <property name="sun.boot.library.path" value="/home/santiago/Descargas/jdk1.8.0_202/jre/lib/amd64"/>
    <property name="java.vm.version" value="25.202-b08"/>
    <property name="java.vm.vendor" value="Oracle Corporation"/>
    <property name="maven.multiModuleProjectDirectory" value="/home/santiago/Documentos/3-PERSONAL/swordphishjenkins_beginners/swordphish_test"/>
    <property name="java.vendor.url" value="http://java.oracle.com/"/>
    <property name="path.separator" value=":"/>
    <property name="guice.disable.misplaced.annotation.check" value="true"/>
    <property name="java.vm.name" value="Java HotSpot(TM) 64-Bit Server VM"/>
    <property name="file.encoding.pkg" value="sun.io"/>
    <property name="user.country" value="CO"/>
    <property name="sun.java.launcher" value="SUN_STANDARD"/>
    <property name="sun.os.patch.level" value="unknown"/>
    <property name="java.vm.specification.name" value="Java Virtual Machine Specification"/>
    <property name="user.dir" value="/home/santiago/Documentos/3-PERSONAL/swordphishjenkins_beginners/swordphish_test"/>
    <property name="java.runtime.version" value="1.8.0_202-b08"/>
    <property name="java.awt.graphicsenv" value="sun.awt.X11GraphicsEnvironment"/>
    <property name="java.endorsed.dirs" value="/home/santiago/Descargas/jdk1.8.0_202/jre/lib/endorsed"/>
    <property name="os.arch" value="amd64"/>
    <property name="java.io.tmpdir" value="/tmp"/>
    <property name="line.separator" value="&#10;"/>
    <property name="java.vm.specification.vendor" value="Oracle Corporation"/>
    <property name="os.name" value="Linux"/>
    <property name="maven.ext.class.path" value="/home/santiago/Descargas/idea-IU-213.6777.52/plugins/maven/lib/maven-event-listener.jar"/>
    <property name="classworlds.conf" value="/home/santiago/Descargas/idea-IU-213.6777.52/plugins/maven/lib/maven3/bin/m2.conf"/>
    <property name="sun.jnu.encoding" value="UTF-8"/>
    <property name="java.library.path" value="/usr/java/packages/lib/amd64:/usr/lib64:/lib64:/lib:/usr/lib"/>
    <property name="maven.conf" value="/home/santiago/Descargas/idea-IU-213.6777.52/plugins/maven/lib/maven3/conf"/>
    <property name="java.specification.name" value="Java Platform API Specification"/>
    <property name="java.class.version" value="52.0"/>
    <property name="sun.management.compiler" value="HotSpot 64-Bit Tiered Compilers"/>
    <property name="os.version" value="5.8.0-33-generic"/>
    <property name="user.home" value="/home/santiago"/>
    <property name="user.timezone" value="America/Bogota"/>
    <property name="java.awt.printerjob" value="sun.print.PSPrinterJob"/>
    <property name="java.specification.version" value="1.8"/>
    <property name="file.encoding" value="UTF-8"/>
    <property name="user.name" value="santiago"/>
    <property name="java.class.path" value="/home/santiago/Descargas/idea-IU-213.6777.52/plugins/maven/lib/maven3/boot/plexus-classworlds.license:/home/santiago/Descargas/idea-IU-213.6777.52/plugins/maven/lib/maven3/boot/plexus-classworlds-2.6.0.jar:/home/santiago/Descargas/idea-IU-213.6777.52/lib/idea_rt.jar"/>
    <property name="java.vm.specification.version" value="1.8"/>
    <property name="sun.arch.data.model" value="64"/>
    <property name="java.home" value="/home/santiago/Descargas/jdk1.8.0_202/jre"/>
    <property name="sun.java.command" value="org.codehaus.classworlds.Launcher -Didea.version=2021.3.2 clean verify"/>
    <property name="java.specification.vendor" value="Oracle Corporation"/>
    <property name="user.language" value="es"/>
    <property name="awt.toolkit" value="sun.awt.X11.XToolkit"/>
    <property name="java.vm.info" value="mixed mode"/>
    <property name="java.version" value="1.8.0_202"/>
    <property name="java.ext.dirs" value="/home/santiago/Descargas/jdk1.8.0_202/jre/lib/ext:/usr/java/packages/lib/ext"/>
    <property name="securerandom.source" value="file:/dev/./urandom"/>
    <property name="sun.boot.class.path" value="/home/santiago/Descargas/jdk1.8.0_202/jre/lib/resources.jar:/home/santiago/Descargas/jdk1.8.0_202/jre/lib/rt.jar:/home/santiago/Descargas/jdk1.8.0_202/jre/lib/sunrsasign.jar:/home/santiago/Descargas/jdk1.8.0_202/jre/lib/jsse.jar:/home/santiago/Descargas/jdk1.8.0_202/jre/lib/jce.jar:/home/santiago/Descargas/jdk1.8.0_202/jre/lib/charsets.jar:/home/santiago/Descargas/jdk1.8.0_202/jre/lib/jfr.jar:/home/santiago/Descargas/jdk1.8.0_202/jre/classes"/>
    <property name="java.vendor" value="Oracle Corporation"/>
    <property name="maven.home" value="/home/santiago/Descargas/idea-IU-213.6777.52/plugins/maven/lib/maven3"/>
    <property name="file.separator" value="/"/>
    <property name="java.vendor.url.bug" value="http://bugreport.sun.com/bugreport/"/>
    <property name="sun.cpu.endian" value="little"/>
    <property name="sun.io.unicode.encoding" value="UnicodeLittle"/>
    <property name="sun.desktop" value="gnome"/>
    <property name="sun.cpu.isalist" value=""/>
  </properties>
  <testcase name="URL Success" classname="As a use I want to validate URL with swordphish service" time="3.879"/>
  <testcase name="URL Success" classname="As a use I want to validate URL with swordphish service" time="3.375"/>
  <testcase name="URL Success" classname="As a use I want to validate URL with swordphish service" time="3.315"/>
  <testcase name="URL Success" classname="As a use I want to validate URL with swordphish service" time="2.519"/>
  <testcase name="Page Phishing" classname="As a use I want to validate URL with swordphish service" time="2.52"/>
  <testcase name="Legal page and phishing page" classname="As a use I want to validate URL with swordphish service" time="3.374"/>
  <testcase name="Legal pages" classname="As a use I want to validate URL with swordphish service" time="3.3"/>
  <testcase name="Phishing pages" classname="As a use I want to validate URL with swordphish service" time="3.178"/>
</testsuite>